[07:07:11] Failed to load external module @babel/register
[07:07:11] Requiring external module babel-register
[07:07:12] Using gulpfile ~/dashboard/gulpfile.babel.js
[07:07:12] Starting 'develop'...
Time: [1m10498[22mms
        [1mAsset[22m      [1mSize[22m  [1mChunks[22m  [1m[22m           [1mChunk Names[22m
   [1m[32mindex.html[39m[22m   1.87 kB        [1m[22m  [1m[32m[emitted][39m[22m  
       [1m[32mapp.js[39m[22m   1.44 MB       [1m0[22m  [1m[32m[emitted][39m[22m  app
    [1m[32mvendor.js[39m[22m   3.25 MB       [1m1[22m  [1m[32m[emitted][39m[22m  vendor
    [1m[32mstyle.css[39m[22m   7.83 kB       [1m0[22m  [1m[32m[emitted][39m[22m  app
   [1m[32mapp.js.map[39m[22m   1.67 MB       [1m0[22m  [1m[32m[emitted][39m[22m  app
[1m[32mstyle.css.map[39m[22m  86 bytes       [1m0[22m  [1m[32m[emitted][39m[22m  app
[1m[32mvendor.js.map[39m[22m   3.87 MB       [1m1[22m  [1m[32m[emitted][39m[22m  vendor
Child [1mextract-text-webpack-plugin[22m:
    
[Browsersync] Access URLs:
 ----------------------------
 Local: http://localhost:3000
 ----------------------------
    UI: http://localhost:3001
 ----------------------------
[Browsersync] Serving files from: ./.tmp
[Browsersync] Couldn't open browser (if you are using BrowserSync in a headless environment, you might want to set the open option to false)
[07:07:26] Failed to load external module @babel/register
[07:07:26] Requiring external module babel-register
[07:07:26] Using gulpfile ~/dashboard/gulpfile.babel.js
[07:07:26] Starting 'develop'...
[Browsersync] Reloading Browsers...
[Browsersync] Reloading Browsers...
[Browsersync] Reloading Browsers...
[Browsersync] Reloading Browsers...
[Browsersync] Reloading Browsers...
[Browsersync] Reloading Browsers...
Time: [1m10403[22mms
        [1mAsset[22m      [1mSize[22m  [1mChunks[22m  [1m[22m           [1mChunk Names[22m
   [1m[32mindex.html[39m[22m   1.87 kB        [1m[22m  [1m[32m[emitted][39m[22m  
       [1m[32mapp.js[39m[22m   1.44 MB       [1m0[22m  [1m[32m[emitted][39m[22m  app
    [1m[32mvendor.js[39m[22m   3.25 MB       [1m1[22m  [1m[32m[emitted][39m[22m  vendor
    [1m[32mstyle.css[39m[22m   7.83 kB       [1m0[22m  [1m[32m[emitted][39m[22m  app
   [1m[32mapp.js.map[39m[22m   1.67 MB       [1m0[22m  [1m[32m[emitted][39m[22m  app
[1m[32mstyle.css.map[39m[22m  86 bytes       [1m0[22m  [1m[32m[emitted][39m[22m  app
[1m[32mvendor.js.map[39m[22m   3.87 MB       [1m1[22m  [1m[32m[emitted][39m[22m  vendor
Child [1mextract-text-webpack-plugin[22m:
    
[Browsersync] Reloading Browsers...
[Browsersync] Access URLs:
 ----------------------------
 Local: http://localhost:3002
 ----------------------------
    UI: http://localhost:3003
 ----------------------------
[Browsersync] Serving files from: ./.tmp
[Browsersync] Couldn't open browser (if you are using BrowserSync in a headless environment, you might want to set the open option to false)
